This is pdfTeXk, Version 3.141592-1.40.3 (Web2C 7.5.6) (format=latex 2010.3.19)  27 JUN 2010 14:09
entering extended mode
 %&-line parsing enabled.
**tmpjpFXsd
(./tmpjpFXsd.tex
LaTeX2e <2005/12/01>
Babel <v3.8h> and hyphenation patterns for english, usenglishmax, dumylang, noh
yphenation, croatian, ukrainian, russian, bulgarian, czech, slovak, danish, dut
ch, finnish, basque, french, german, ngerman, ibycus, greek, monogreek, ancient
greek, hungarian, italian, latin, mongolian, norsk, icelandic, interlingua, tur
kish, coptic, romanian, welsh, serbian, slovenian, estonian, esperanto, upperso
rbian, indonesian, polish, portuguese, spanish, catalan, galician, swedish, loa
ded.
)
*\scrollmode


*\raiseerror%
! Undefined control sequence.
<*> \raiseerror
               %
The control sequence at the end of the top line
of your error message was never \def'ed. If you have
misspelled it (e.g., `\hobx'), type `I' and the correct
spelling (e.g., `I\hbox'). Otherwise just continue,
and I'll forget about whatever was undefined.


*\def\PyX{P\kern-.3em\lower.5ex\hbox{Y}\kern-.18em X}%

*\gdef\PyXBoxHAlign{0}%

*\newbox\PyXBox%
\PyXBox=\box26

*\newbox\PyXBoxHAligned%
\PyXBoxHAligned=\box27

*\newdimen\PyXDimenHAlignLT%
\PyXDimenHAlignLT=\dimen102

*\newdimen\PyXDimenHAlignRT%
\PyXDimenHAlignRT=\dimen103

*\gdef\PyXFlushHAlign{0}%

*\def\PyXragged{%

*\leftskip=0pt plus \PyXFlushHAlign fil%

*\rightskip=0pt plus 1fil%

*\advance\rightskip0pt plus -\PyXFlushHAlign fil%

*\parfillskip=0pt%

*\pretolerance=9999%

*\tolerance=9999%

*\parindent=0pt%

*\hyphenpenalty=9999%

*\exhyphenpenalty=9999}%

*\newbox\PyXBoxVBox%
\PyXBoxVBox=\box28

*\newdimen\PyXDimenVBox%
\PyXDimenVBox=\dimen104

*\newbox\PyXBoxVAlign%
\PyXBoxVAlign=\box29

*\newdimen\PyXDimenVAlign%
\PyXDimenVAlign=\dimen105

*\newdimen\PyXDimenVShift%
\PyXDimenVShift=\dimen106

*\long\def\ProcessPyXBox#1#2{%

*\setbox\PyXBox=\hbox{{#1}}%

*\PyXDimenHAlignLT=\PyXBoxHAlign\wd\PyXBox%

*\PyXDimenHAlignRT=\wd\PyXBox%

*\advance\PyXDimenHAlignRT by -\PyXDimenHAlignLT%

*\gdef\PyXBoxHAlign{0}%

*\immediate\write16{PyXBox:page=#2,lt=\the\PyXDimenHAlignLT,rt=\the\PyXDimenHAl
ignRT,ht=\the\ht\PyXBox,dp=\the\dp\PyXBox:}%

*\setbox\PyXBoxHAligned=\hbox{\kern-\PyXDimenHAlignLT\box\PyXBox}%

*\ht\PyXBoxHAligned0pt%

*{\count0=80\count1=121\count2=88\count3=#2\shipout\box\PyXBoxHAligned}}%

*\def\PyXInput#1{\immediate\write16{PyXInputMarker:executeid=#1:}}%

*\def\PyXMarker#1{\hskip0pt\special{PyX:marker #1}}%%

*\PyXInput{1}%
PyXInputMarker:executeid=1:

*\makeatletter%

*\let\saveProcessOptions=\ProcessOptions%

*\def\ProcessOptions{%

*\def\Gin@driver{/usr/share/pyx/pyx.def}%

*\def\c@lor@namefile{dvipsnam.def}%

*\saveProcessOptions}%

*\makeatother%

*\PyXInput{2}%
PyXInputMarker:executeid=2:

*\documentclass{article}%

*\PyXInput{3}%
(/usr/share/texmf-texlive/tex/latex/base/article.cls
Document Class: article 2005/09/16 v1.4f Standard LaTeX document class
(/usr/share/texmf-texlive/tex/latex/base/size10.clo
File: size10.clo 2005/09/16 v1.4f Standard LaTeX file (size option)
)
\c@part=\count79
\c@section=\count80
\c@subsection=\count81
\c@subsubsection=\count82
\c@paragraph=\count83
\c@subparagraph=\count84
\c@figure=\count85
\c@table=\count86
\abovecaptionskip=\skip41
\belowcaptionskip=\skip42
\bibindent=\dimen107
)
PyXInputMarker:executeid=3:

*\parindent=0pt%

*\PyXInput{4}%
PyXInputMarker:executeid=4:

*\begin{document}%
No file tmpjpFXsd.aux.
\openout1 = `tmpjpFXsd.aux'.

LaTeX Font Info:    Checking defaults for OML/cmm/m/it on input line 0.
LaTeX Font Info:    ... okay on input line 0.
LaTeX Font Info:    Checking defaults for T1/cmr/m/n on input line 0.
LaTeX Font Info:    ... okay on input line 0.
LaTeX Font Info:    Checking defaults for OT1/cmr/m/n on input line 0.
LaTeX Font Info:    ... okay on input line 0.
LaTeX Font Info:    Checking defaults for OMS/cmsy/m/n on input line 0.
LaTeX Font Info:    ... okay on input line 0.
LaTeX Font Info:    Checking defaults for OMX/cmex/m/n on input line 0.
LaTeX Font Info:    ... okay on input line 0.
LaTeX Font Info:    Checking defaults for U/cmr/m/n on input line 0.
LaTeX Font Info:    ... okay on input line 0.

*\PyXInput{5}%
PyXInputMarker:executeid=5:

*\ProcessPyXBox{\setbox\PyXBoxVAlign=\hbox{{\gdef\PyXBoxHAlign{0.00000}{\textbf
{\Large\sffamily Amstrad CPC 464}}}}\PyXDimenVAlign=1.00000\ht\PyXBoxVAlign\adv
ance\PyXDimenVAlign by -0.00000\dp\PyXBoxVAlign\lower\PyXDimenVAlign\box\PyXBox
VAlign%

*}{1}%
PyXBox:page=1,lt=0.0pt,rt=120.61249pt,ht=0.0pt,dp=9.99998pt:
[80.121.88.1]
*\PyXInput{6}%
PyXInputMarker:executeid=6:

*\ProcessPyXBox{\setbox\PyXBoxVAlign=\hbox{{\gdef\PyXBoxHAlign{0.00000}{\sffami
ly ID: 28}}}\PyXDimenVAlign=1.00000\ht\PyXBoxVAlign\advance\PyXDimenVAlign by -
0.00000\dp\PyXBoxVAlign\lower\PyXDimenVAlign\box\PyXBoxVAlign%

*}{2}%
PyXBox:page=2,lt=0.0pt,rt=26.1112pt,ht=0.0pt,dp=6.94444pt:
[80.121.88.2]
*\PyXInput{7}%
PyXInputMarker:executeid=7:

*\ProcessPyXBox{\setbox\PyXBoxVAlign=\hbox{{\linewidth=156.49016truept\vtop{\hs
ize=\linewidth\textwidth=\linewidth{}\gdef\PyXBoxHAlign{0.00000}{\textit{\sffam
ily It boots faster than you!}}}}}\PyXDimenVAlign=1.00000\ht\PyXBoxVAlign\advan
ce\PyXDimenVAlign by -0.00000\dp\PyXBoxVAlign\lower\PyXDimenVAlign\box\PyXBoxVA
lign%

*}{3}%

LaTeX Font Warning: Font shape `OT1/cmss/m/it' in size <10> not available
(Font)              Font shape `OT1/cmss/m/sl' tried instead on input line 0.

PyXBox:page=3,lt=0.0pt,rt=156.49016pt,ht=0.0pt,dp=8.88889pt:
[80.121.88.3]
*\PyXInput{8}%
PyXInputMarker:executeid=8:

*\ProcessPyXBox{\setbox\PyXBoxVAlign=\hbox{{\gdef\PyXBoxHAlign{1.00000}{\textbf
{\Large\sffamily DNH}}}}\PyXDimenVAlign=0.00000\ht\PyXBoxVAlign\advance\PyXDime
nVAlign by -1.00000\dp\PyXBoxVAlign\lower\PyXDimenVAlign\box\PyXBoxVAlign%

*}{4}%
PyXBox:page=4,lt=34.32014pt,rt=0.0pt,ht=9.99998pt,dp=0.0pt:
[80.121.88.4]
*\PyXInput{9}%
PyXInputMarker:executeid=9:

*\ProcessPyXBox{\setbox\PyXBoxVAlign=\hbox{{\gdef\PyXBoxHAlign{0.00000}{\textbf
{\Large\sffamily Amstrad GT 64 Monitor}}}}\PyXDimenVAlign=1.00000\ht\PyXBoxVAli
gn\advance\PyXDimenVAlign by -0.00000\dp\PyXBoxVAlign\lower\PyXDimenVAlign\box\
PyXBoxVAlign%

*}{5}%
PyXBox:page=5,lt=0.0pt,rt=161.37265pt,ht=0.0pt,dp=9.99998pt:
[80.121.88.5]
*\PyXInput{10}%
PyXInputMarker:executeid=10:

*\ProcessPyXBox{\setbox\PyXBoxVAlign=\hbox{{\gdef\PyXBoxHAlign{0.00000}{\sffami
ly ID: 29}}}\PyXDimenVAlign=1.00000\ht\PyXBoxVAlign\advance\PyXDimenVAlign by -
0.00000\dp\PyXBoxVAlign\lower\PyXDimenVAlign\box\PyXBoxVAlign%

*}{6}%
PyXBox:page=6,lt=0.0pt,rt=26.1112pt,ht=0.0pt,dp=6.94444pt:
[80.121.88.6]
*\PyXInput{11}%
PyXInputMarker:executeid=11:

*\ProcessPyXBox{\setbox\PyXBoxVAlign=\hbox{{\linewidth=156.49016truept\vtop{\hs
ize=\linewidth\textwidth=\linewidth{}\gdef\PyXBoxHAlign{0.00000}{\textit{\sffam
ily Because two colors are more than enough.}}}}}\PyXDimenVAlign=1.00000\ht\PyX
BoxVAlign\advance\PyXDimenVAlign by -0.00000\dp\PyXBoxVAlign\lower\PyXDimenVAli
gn\box\PyXBoxVAlign%

*}{7}%

Overfull \hbox (13.73225pt too wide) detected at line 0
[]\OT1/cmss/m/sl/10 Because two col-ors are more than enough. 
 []

PyXBox:page=7,lt=0.0pt,rt=156.49016pt,ht=0.0pt,dp=8.88889pt:
[80.121.88.7]
*\PyXInput{12}%
PyXInputMarker:executeid=12:

*\ProcessPyXBox{\setbox\PyXBoxVAlign=\hbox{{\gdef\PyXBoxHAlign{1.00000}{\textbf
{\Large\sffamily DNH}}}}\PyXDimenVAlign=0.00000\ht\PyXBoxVAlign\advance\PyXDime
nVAlign by -1.00000\dp\PyXBoxVAlign\lower\PyXDimenVAlign\box\PyXBoxVAlign%

*}{8}%
PyXBox:page=8,lt=34.32014pt,rt=0.0pt,ht=9.99998pt,dp=0.0pt:
[80.121.88.8]
*\PyXInput{13}%
PyXInputMarker:executeid=13:

*\ProcessPyXBox{\setbox\PyXBoxVAlign=\hbox{{\gdef\PyXBoxHAlign{0.00000}{\textbf
{\Large\sffamily Amstrad GT 64 Monitor}}}}\PyXDimenVAlign=1.00000\ht\PyXBoxVAli
gn\advance\PyXDimenVAlign by -0.00000\dp\PyXBoxVAlign\lower\PyXDimenVAlign\box\
PyXBoxVAlign%

*}{9}%
PyXBox:page=9,lt=0.0pt,rt=161.37265pt,ht=0.0pt,dp=9.99998pt:
[80.121.88.9]
*\PyXInput{14}%
PyXInputMarker:executeid=14:

*\ProcessPyXBox{\setbox\PyXBoxVAlign=\hbox{{\gdef\PyXBoxHAlign{0.00000}{\sffami
ly ID: 29}}}\PyXDimenVAlign=1.00000\ht\PyXBoxVAlign\advance\PyXDimenVAlign by -
0.00000\dp\PyXBoxVAlign\lower\PyXDimenVAlign\box\PyXBoxVAlign%

*}{10}%
PyXBox:page=10,lt=0.0pt,rt=26.1112pt,ht=0.0pt,dp=6.94444pt:
[80.121.88.10]
*\PyXInput{15}%
PyXInputMarker:executeid=15:

*\ProcessPyXBox{\setbox\PyXBoxVAlign=\hbox{{\linewidth=156.49016truept\vtop{\hs
ize=\linewidth\textwidth=\linewidth{}\gdef\PyXBoxHAlign{0.00000}{\textit{\sffam
ily 'Cause two colors are more than enough.}}}}}\PyXDimenVAlign=1.00000\ht\PyXB
oxVAlign\advance\PyXDimenVAlign by -0.00000\dp\PyXBoxVAlign\lower\PyXDimenVAlig
n\box\PyXBoxVAlign%

*}{11}%

Overfull \hbox (7.34337pt too wide) detected at line 0
[]\OT1/cmss/m/sl/10 'Cause two col-ors are more than enough. 
 []

PyXBox:page=11,lt=0.0pt,rt=156.49016pt,ht=0.0pt,dp=8.88889pt:
[80.121.88.11]
*\PyXInput{16}%
PyXInputMarker:executeid=16:

*\ProcessPyXBox{\setbox\PyXBoxVAlign=\hbox{{\gdef\PyXBoxHAlign{1.00000}{\textbf
{\Large\sffamily DNH}}}}\PyXDimenVAlign=0.00000\ht\PyXBoxVAlign\advance\PyXDime
nVAlign by -1.00000\dp\PyXBoxVAlign\lower\PyXDimenVAlign\box\PyXBoxVAlign%

*}{12}%
PyXBox:page=12,lt=34.32014pt,rt=0.0pt,ht=9.99998pt,dp=0.0pt:
[80.121.88.12]
*\PyXInput{17}%
PyXInputMarker:executeid=17:

*\ProcessPyXBox{\setbox\PyXBoxVAlign=\hbox{{\gdef\PyXBoxHAlign{0.00000}{\textbf
{\Large\sffamily Amstrad GT 64 Monitor}}}}\PyXDimenVAlign=1.00000\ht\PyXBoxVAli
gn\advance\PyXDimenVAlign by -0.00000\dp\PyXBoxVAlign\lower\PyXDimenVAlign\box\
PyXBoxVAlign%

*}{13}%
PyXBox:page=13,lt=0.0pt,rt=161.37265pt,ht=0.0pt,dp=9.99998pt:
[80.121.88.13]
*\PyXInput{18}%
PyXInputMarker:executeid=18:

*\ProcessPyXBox{\setbox\PyXBoxVAlign=\hbox{{\gdef\PyXBoxHAlign{0.00000}{\sffami
ly ID: 29}}}\PyXDimenVAlign=1.00000\ht\PyXBoxVAlign\advance\PyXDimenVAlign by -
0.00000\dp\PyXBoxVAlign\lower\PyXDimenVAlign\box\PyXBoxVAlign%

*}{14}%
PyXBox:page=14,lt=0.0pt,rt=26.1112pt,ht=0.0pt,dp=6.94444pt:
[80.121.88.14]
*\PyXInput{19}%
PyXInputMarker:executeid=19:

*\ProcessPyXBox{\setbox\PyXBoxVAlign=\hbox{{\linewidth=156.49016truept\vtop{\hs
ize=\linewidth\textwidth=\linewidth{}\gdef\PyXBoxHAlign{0.00000}{\textit{\sffam
ily 'Cause two colors are more than enough.}}}}}\PyXDimenVAlign=1.00000\ht\PyXB
oxVAlign\advance\PyXDimenVAlign by -0.00000\dp\PyXBoxVAlign\lower\PyXDimenVAlig
n\box\PyXBoxVAlign%

*}{15}%

Overfull \hbox (7.34337pt too wide) detected at line 0
[]\OT1/cmss/m/sl/10 'Cause two col-ors are more than enough. 
 []

PyXBox:page=15,lt=0.0pt,rt=156.49016pt,ht=0.0pt,dp=8.88889pt:
[80.121.88.15]
*\PyXInput{20}%
PyXInputMarker:executeid=20:

*\ProcessPyXBox{\setbox\PyXBoxVAlign=\hbox{{\gdef\PyXBoxHAlign{1.00000}{\textbf
{\Large\sffamily DNH}}}}\PyXDimenVAlign=0.00000\ht\PyXBoxVAlign\advance\PyXDime
nVAlign by -1.00000\dp\PyXBoxVAlign\lower\PyXDimenVAlign\box\PyXBoxVAlign%

*}{16}%
PyXBox:page=16,lt=34.32014pt,rt=0.0pt,ht=9.99998pt,dp=0.0pt:
[80.121.88.16]
*\PyXInput{21}%
PyXInputMarker:executeid=21:

*\ProcessPyXBox{\setbox\PyXBoxVAlign=\hbox{{\gdef\PyXBoxHAlign{0.00000}{\textbf
{\Large\sffamily Xbox Drums}}}}\PyXDimenVAlign=1.00000\ht\PyXBoxVAlign\advance\
PyXDimenVAlign by -0.00000\dp\PyXBoxVAlign\lower\PyXDimenVAlign\box\PyXBoxVAlig
n%

*}{17}%
PyXBox:page=17,lt=0.0pt,rt=82.47232pt,ht=0.0pt,dp=9.99998pt:
[80.121.88.17]
*\PyXInput{22}%
PyXInputMarker:executeid=22:

*\ProcessPyXBox{\setbox\PyXBoxVAlign=\hbox{{\gdef\PyXBoxHAlign{0.00000}{\sffami
ly ID: 30}}}\PyXDimenVAlign=1.00000\ht\PyXBoxVAlign\advance\PyXDimenVAlign by -
0.00000\dp\PyXBoxVAlign\lower\PyXDimenVAlign\box\PyXBoxVAlign%

*}{18}%
PyXBox:page=18,lt=0.0pt,rt=26.1112pt,ht=0.0pt,dp=6.94444pt:
[80.121.88.18]
*\PyXInput{23}%
PyXInputMarker:executeid=23:

*\ProcessPyXBox{\setbox\PyXBoxVAlign=\hbox{{\linewidth=156.49016truept\vtop{\hs
ize=\linewidth\textwidth=\linewidth{}\gdef\PyXBoxHAlign{0.00000}{\textit{\sffam
ily Bum Chi Bum-Bum-Bum Chi}}}}}\PyXDimenVAlign=1.00000\ht\PyXBoxVAlign\advance
\PyXDimenVAlign by -0.00000\dp\PyXBoxVAlign\lower\PyXDimenVAlign\box\PyXBoxVAli
gn%

*}{19}%
PyXBox:page=19,lt=0.0pt,rt=156.49016pt,ht=0.0pt,dp=6.94444pt:
[80.121.88.19]
*\PyXInput{24}%
PyXInputMarker:executeid=24:

*\ProcessPyXBox{\setbox\PyXBoxVAlign=\hbox{{\gdef\PyXBoxHAlign{1.00000}{\textbf
{\Large\sffamily DNH}}}}\PyXDimenVAlign=0.00000\ht\PyXBoxVAlign\advance\PyXDime
nVAlign by -1.00000\dp\PyXBoxVAlign\lower\PyXDimenVAlign\box\PyXBoxVAlign%

*}{20}%
PyXBox:page=20,lt=34.32014pt,rt=0.0pt,ht=9.99998pt,dp=0.0pt:
[80.121.88.20]
*\PyXInput{25}%
PyXInputMarker:executeid=25:

*\ProcessPyXBox{\setbox\PyXBoxVAlign=\hbox{{\gdef\PyXBoxHAlign{0.00000}{\textbf
{\Large\sffamily Melissa Bread Machine}}}}\PyXDimenVAlign=1.00000\ht\PyXBoxVAli
gn\advance\PyXDimenVAlign by -0.00000\dp\PyXBoxVAlign\lower\PyXDimenVAlign\box\
PyXBoxVAlign%

*}{21}%
PyXBox:page=21,lt=0.0pt,rt=153.86464pt,ht=0.0pt,dp=9.99998pt:
[80.121.88.21]
*\PyXInput{26}%
PyXInputMarker:executeid=26:

*\ProcessPyXBox{\setbox\PyXBoxVAlign=\hbox{{\gdef\PyXBoxHAlign{0.00000}{\sffami
ly ID: 31}}}\PyXDimenVAlign=1.00000\ht\PyXBoxVAlign\advance\PyXDimenVAlign by -
0.00000\dp\PyXBoxVAlign\lower\PyXDimenVAlign\box\PyXBoxVAlign%

*}{22}%
PyXBox:page=22,lt=0.0pt,rt=26.1112pt,ht=0.0pt,dp=6.94444pt:
[80.121.88.22]
*\PyXInput{27}%
PyXInputMarker:executeid=27:

*\ProcessPyXBox{\setbox\PyXBoxVAlign=\hbox{{\linewidth=156.49016truept\vtop{\hs
ize=\linewidth\textwidth=\linewidth{}\gdef\PyXBoxHAlign{0.00000}{\textit{\sffam
ily Please make me make something else!}}}}}\PyXDimenVAlign=1.00000\ht\PyXBoxVA
lign\advance\PyXDimenVAlign by -0.00000\dp\PyXBoxVAlign\lower\PyXDimenVAlign\bo
x\PyXBoxVAlign%

*}{23}%
PyXBox:page=23,lt=0.0pt,rt=156.49016pt,ht=0.0pt,dp=8.88889pt:
[80.121.88.23]
*\PyXInput{28}%
PyXInputMarker:executeid=28:

*
! Emergency stop.
<*> \PyXInput{28}%
                  
End of file on the terminal!

 
Here is how much of TeX's memory you used:
 228 strings out of 94102
 2467 string characters out of 1165833
 47703 words of memory out of 1500000
 3591 multiletter control sequences out of 10000+50000
 5556 words of font info for 20 fonts, out of 1200000 for 2000
 637 hyphenation exceptions out of 8191
 22i,3n,17p,337b,99s stack positions out of 5000i,500n,6000p,200000b,5000s
Output written on tmpjpFXsd.dvi (23 pages, 1976 bytes).
