This is pdfTeXk, Version 3.141592-1.40.3 (Web2C 7.5.6) (format=latex 2010.3.19)  29 JUN 2010 23:19
entering extended mode
 %&-line parsing enabled.
**tmpNN1yyY
(./tmpNN1yyY.tex
LaTeX2e <2005/12/01>
Babel <v3.8h> and hyphenation patterns for english, usenglishmax, dumylang, noh
yphenation, croatian, ukrainian, russian, bulgarian, czech, slovak, danish, dut
ch, finnish, basque, french, german, ngerman, ibycus, greek, monogreek, ancient
greek, hungarian, italian, latin, mongolian, norsk, icelandic, interlingua, tur
kish, coptic, romanian, welsh, serbian, slovenian, estonian, esperanto, upperso
rbian, indonesian, polish, portuguese, spanish, catalan, galician, swedish, loa
ded.
)
*\scrollmode


*\raiseerror%
! Undefined control sequence.
<*> \raiseerror
               %
The control sequence at the end of the top line
of your error message was never \def'ed. If you have
misspelled it (e.g., `\hobx'), type `I' and the correct
spelling (e.g., `I\hbox'). Otherwise just continue,
and I'll forget about whatever was undefined.


*\def\PyX{P\kern-.3em\lower.5ex\hbox{Y}\kern-.18em X}%

*\gdef\PyXBoxHAlign{0}%

*\newbox\PyXBox%
\PyXBox=\box26

*\newbox\PyXBoxHAligned%
\PyXBoxHAligned=\box27

*\newdimen\PyXDimenHAlignLT%
\PyXDimenHAlignLT=\dimen102

*\newdimen\PyXDimenHAlignRT%
\PyXDimenHAlignRT=\dimen103

*\gdef\PyXFlushHAlign{0}%

*\def\PyXragged{%

*\leftskip=0pt plus \PyXFlushHAlign fil%

*\rightskip=0pt plus 1fil%

*\advance\rightskip0pt plus -\PyXFlushHAlign fil%

*\parfillskip=0pt%

*\pretolerance=9999%

*\tolerance=9999%

*\parindent=0pt%

*\hyphenpenalty=9999%

*\exhyphenpenalty=9999}%

*\newbox\PyXBoxVBox%
\PyXBoxVBox=\box28

*\newdimen\PyXDimenVBox%
\PyXDimenVBox=\dimen104

*\newbox\PyXBoxVAlign%
\PyXBoxVAlign=\box29

*\newdimen\PyXDimenVAlign%
\PyXDimenVAlign=\dimen105

*\newdimen\PyXDimenVShift%
\PyXDimenVShift=\dimen106

*\long\def\ProcessPyXBox#1#2{%

*\setbox\PyXBox=\hbox{{#1}}%

*\PyXDimenHAlignLT=\PyXBoxHAlign\wd\PyXBox%

*\PyXDimenHAlignRT=\wd\PyXBox%

*\advance\PyXDimenHAlignRT by -\PyXDimenHAlignLT%

*\gdef\PyXBoxHAlign{0}%

*\immediate\write16{PyXBox:page=#2,lt=\the\PyXDimenHAlignLT,rt=\the\PyXDimenHAl
ignRT,ht=\the\ht\PyXBox,dp=\the\dp\PyXBox:}%

*\setbox\PyXBoxHAligned=\hbox{\kern-\PyXDimenHAlignLT\box\PyXBox}%

*\ht\PyXBoxHAligned0pt%

*{\count0=80\count1=121\count2=88\count3=#2\shipout\box\PyXBoxHAligned}}%

*\def\PyXInput#1{\immediate\write16{PyXInputMarker:executeid=#1:}}%

*\def\PyXMarker#1{\hskip0pt\special{PyX:marker #1}}%%

*\PyXInput{1}%
PyXInputMarker:executeid=1:

*\makeatletter%

*\let\saveProcessOptions=\ProcessOptions%

*\def\ProcessOptions{%

*\def\Gin@driver{/usr/share/pyx/pyx.def}%

*\def\c@lor@namefile{dvipsnam.def}%

*\saveProcessOptions}%

*\makeatother%

*\PyXInput{2}%
PyXInputMarker:executeid=2:

*\documentclass{article}%

*\PyXInput{3}%
(/usr/share/texmf-texlive/tex/latex/base/article.cls
Document Class: article 2005/09/16 v1.4f Standard LaTeX document class
(/usr/share/texmf-texlive/tex/latex/base/size10.clo
File: size10.clo 2005/09/16 v1.4f Standard LaTeX file (size option)
)
\c@part=\count79
\c@section=\count80
\c@subsection=\count81
\c@subsubsection=\count82
\c@paragraph=\count83
\c@subparagraph=\count84
\c@figure=\count85
\c@table=\count86
\abovecaptionskip=\skip41
\belowcaptionskip=\skip42
\bibindent=\dimen107
)
PyXInputMarker:executeid=3:

*\parindent=0pt%

*\PyXInput{4}%
PyXInputMarker:executeid=4:

*
! Emergency stop.
<*> \PyXInput{4}%
                 
End of file on the terminal!

 
Here is how much of TeX's memory you used:
 214 strings out of 94102
 2303 string characters out of 1165833
 47703 words of memory out of 1500000
 3584 multiletter control sequences out of 10000+50000
 3640 words of font info for 14 fonts, out of 1200000 for 2000
 637 hyphenation exceptions out of 8191
 22i,0n,17p,124b,36s stack positions out of 5000i,500n,6000p,200000b,5000s
No pages of output.
